2015-10-09 12:58:55,841  WARN [ModalContext] - ScalaProject - Project Scalap has platform default sourceLevel.
2015-10-09 12:58:55,843  WARN [ModalContext] - ScalaProject - Project Scalap runs on platform default installation.
2015-10-09 12:59:03,021  WARN [Worker-8] - ScalaProject - Project Scalap has platform default sourceLevel.
2015-10-09 12:59:03,021  WARN [Worker-8] - ScalaProject - Project Scalap runs on platform default installation.
2015-10-09 12:59:22,906  WARN [Worker-8] - ScalaProject - Project Scalap has platform default sourceLevel.
2015-10-09 12:59:22,906  WARN [Worker-8] - ScalaProject - Project Scalap runs on platform default installation.
2015-10-09 12:59:22,941  WARN [Worker-8] - ScalaProject - Project Scalap has platform default sourceLevel.
2015-10-09 12:59:22,941  WARN [Worker-8] - ScalaProject - Project Scalap runs on platform default installation.
2015-10-09 12:59:51,482  WARN [main] - ScalaProject - Project Scalap has platform default sourceLevel.
2015-10-09 12:59:51,483  WARN [main] - ScalaProject - Project Scalap runs on platform default installation.
2015-10-09 13:00:00,309  WARN [main] - ScalaProject - Project Scalap has platform default sourceLevel.
2015-10-09 13:00:00,309  WARN [main] - ScalaProject - Project Scalap runs on platform default installation.
2015-10-09 13:00:00,679  WARN [Worker-11] - ScalaProject - Project Scalap has platform default sourceLevel.
2015-10-09 13:00:00,679  WARN [Worker-11] - ScalaProject - Project Scalap runs on platform default installation.
2015-10-09 13:00:00,723  WARN [Worker-11] - ScalaProject - Project Scalap has platform default sourceLevel.
2015-10-09 13:00:00,724  WARN [Worker-11] - ScalaProject - Project Scalap runs on platform default installation.
2015-10-09 13:00:05,867  WARN [Worker-11] - ScalaProject - Project Scalap has platform default sourceLevel.
2015-10-09 13:00:05,867  WARN [Worker-11] - ScalaProject - Project Scalap runs on platform default installation.
2015-10-09 13:01:56,113  WARN [Worker-11] - ScalaProject - Project Scalap has platform default sourceLevel.
2015-10-09 13:01:56,113  WARN [Worker-11] - ScalaProject - Project Scalap runs on platform default installation.
2015-10-09 13:01:56,142  WARN [Worker-11] - ScalaProject - Project Scalap has platform default sourceLevel.
2015-10-09 13:01:56,142  WARN [Worker-11] - ScalaProject - Project Scalap runs on platform default installation.
2015-10-09 13:02:00,061  WARN [Worker-11] - ScalaProject - Project Scalap has platform default sourceLevel.
2015-10-09 13:02:00,061  WARN [Worker-11] - ScalaProject - Project Scalap runs on platform default installation.
2015-10-09 13:04:35,583  WARN [Worker-14] - ScalaProject - Project Scalap has platform default sourceLevel.
2015-10-09 13:04:35,584  WARN [Worker-14] - ScalaProject - Project Scalap runs on platform default installation.
2015-10-09 13:04:35,617  WARN [Worker-14] - ScalaProject - Project Scalap has platform default sourceLevel.
2015-10-09 13:04:35,617  WARN [Worker-14] - ScalaProject - Project Scalap runs on platform default installation.
2015-10-09 13:04:45,698  WARN [Worker-14] - ScalaProject - Project Scalap has platform default sourceLevel.
2015-10-09 13:04:45,699  WARN [Worker-14] - ScalaProject - Project Scalap runs on platform default installation.
2015-10-09 13:04:45,721  WARN [Worker-14] - ScalaProject - Project Scalap has platform default sourceLevel.
2015-10-09 13:04:45,722  WARN [Worker-14] - ScalaProject - Project Scalap runs on platform default installation.
2015-10-09 13:04:46,126  WARN [Java indexing] - ScalaProject - Project Scalap has platform default sourceLevel.
2015-10-09 13:04:46,126  WARN [Java indexing] - ScalaProject - Project Scalap runs on platform default installation.
2015-10-09 13:05:01,227  WARN [Worker-6] - ScalaProject - Project Scalap has platform default sourceLevel.
2015-10-09 13:05:01,227  WARN [Worker-6] - ScalaProject - Project Scalap runs on platform default installation.
2015-10-09 13:05:01,266  WARN [Worker-6] - ScalaProject - Project Scalap has platform default sourceLevel.
2015-10-09 13:05:01,266  WARN [Worker-6] - ScalaProject - Project Scalap runs on platform default installation.
2015-10-09 13:05:25,332  WARN [Worker-12] - ScalaProject - Project Scalap has platform default sourceLevel.
2015-10-09 13:05:25,332  WARN [Worker-12] - ScalaProject - Project Scalap runs on platform default installation.
2015-10-09 13:05:25,365  WARN [Worker-12] - ScalaProject - Project Scalap has platform default sourceLevel.
2015-10-09 13:05:25,366  WARN [Worker-12] - ScalaProject - Project Scalap runs on platform default installation.
2015-10-09 13:06:21,868  WARN [main] - ScalaProject - Project Scalap has platform default sourceLevel.
2015-10-09 13:06:21,869  WARN [main] - ScalaProject - Project Scalap runs on platform default installation.
2015-10-09 13:06:22,370  WARN [Worker-12] - ScalaProject - Project Scalap has platform default sourceLevel.
2015-10-09 13:06:22,371  WARN [Worker-12] - ScalaProject - Project Scalap runs on platform default installation.
2015-10-09 13:06:22,398  WARN [Worker-12] - ScalaProject - Project Scalap has platform default sourceLevel.
2015-10-09 13:06:22,399  WARN [Worker-12] - ScalaProject - Project Scalap runs on platform default installation.
2015-10-09 13:07:03,629  WARN [Worker-12] - ScalaProject - Project Scalap has platform default sourceLevel.
2015-10-09 13:07:03,629  WARN [Worker-12] - ScalaProject - Project Scalap runs on platform default installation.
2015-10-09 13:07:03,666  WARN [Worker-12] - ScalaProject - Project Scalap has platform default sourceLevel.
2015-10-09 13:07:03,666  WARN [Worker-12] - ScalaProject - Project Scalap runs on platform default installation.
2015-10-09 13:07:05,486  WARN [Worker-12] - ScalaProject - Project Scalap has platform default sourceLevel.
2015-10-09 13:07:05,486  WARN [Worker-12] - ScalaProject - Project Scalap runs on platform default installation.
2015-10-09 13:07:36,686  WARN [Worker-9] - ScalaProject - Project Scalap has platform default sourceLevel.
2015-10-09 13:07:36,686  WARN [Worker-9] - ScalaProject - Project Scalap runs on platform default installation.
2015-10-09 13:07:36,724  WARN [Worker-9] - ScalaProject - Project Scalap has platform default sourceLevel.
2015-10-09 13:07:36,725  WARN [Worker-9] - ScalaProject - Project Scalap runs on platform default installation.
2015-10-09 13:07:46,086  WARN [Worker-14] - ScalaProject - Project Scalap has platform default sourceLevel.
2015-10-09 13:07:46,086  WARN [Worker-14] - ScalaProject - Project Scalap runs on platform default installation.
2015-10-09 13:07:46,108  WARN [Worker-14] - ScalaProject - Project Scalap has platform default sourceLevel.
2015-10-09 13:07:46,108  WARN [Worker-14] - ScalaProject - Project Scalap runs on platform default installation.
2015-10-09 13:08:55,581  WARN [Worker-6] - ScalaProject - Project Scalap has platform default sourceLevel.
2015-10-09 13:08:55,581  WARN [Worker-6] - ScalaProject - Project Scalap runs on platform default installation.
2015-10-09 13:08:55,622  WARN [Worker-6] - ScalaProject - Project Scalap has platform default sourceLevel.
2015-10-09 13:08:55,623  WARN [Worker-6] - ScalaProject - Project Scalap runs on platform default installation.
2015-10-09 13:09:10,148  WARN [Worker-6] - ScalaProject - Project Scalap has platform default sourceLevel.
2015-10-09 13:09:10,149  WARN [Worker-6] - ScalaProject - Project Scalap runs on platform default installation.
2015-10-09 13:09:10,189  WARN [Worker-6] - ScalaProject - Project Scalap has platform default sourceLevel.
2015-10-09 13:09:10,189  WARN [Worker-6] - ScalaProject - Project Scalap runs on platform default installation.
2015-10-09 13:09:10,891  WARN [Worker-6] - ScalaProject - Project Scalap has platform default sourceLevel.
2015-10-09 13:09:10,891  WARN [Worker-6] - ScalaProject - Project Scalap runs on platform default installation.
2015-10-09 13:09:34,969  WARN [Worker-9] - ScalaProject - Project Scalap has platform default sourceLevel.
2015-10-09 13:09:34,969  WARN [Worker-9] - ScalaProject - Project Scalap runs on platform default installation.
2015-10-09 13:09:35,003  WARN [Worker-9] - ScalaProject - Project Scalap has platform default sourceLevel.
2015-10-09 13:09:35,004  WARN [Worker-9] - ScalaProject - Project Scalap runs on platform default installation.
2015-10-09 13:09:35,665  WARN [Worker-9] - ScalaProject - Project Scalap has platform default sourceLevel.
2015-10-09 13:09:35,665  WARN [Worker-9] - ScalaProject - Project Scalap runs on platform default installation.
2015-10-09 13:09:37,409 ERROR [Worker-17] - System.err - SLF4J: Failed to load class "org.slf4j.impl.StaticLoggerBinder".
2015-10-09 13:09:37,409 ERROR [Worker-17] - System.err - SLF4J: Defaulting to no-operation (NOP) logger implementation
2015-10-09 13:09:37,409 ERROR [Worker-17] - System.err - SLF4J: See http://www.slf4j.org/codes.html#StaticLoggerBinder for further details.
2015-10-09 13:21:39,214  WARN [main] - ScalaProject - Project Scalap has platform default sourceLevel.
2015-10-09 13:21:39,216  WARN [main] - ScalaProject - Project Scalap runs on platform default installation.
2015-10-09 13:21:39,220  WARN [main] - ScalaProject - Project Scalap has platform default sourceLevel.
2015-10-09 13:21:39,221  WARN [main] - ScalaProject - Project Scalap runs on platform default installation.
2015-10-09 13:21:55,910  WARN [Worker-4] - ScalaProject - Project Scalap has platform default sourceLevel.
2015-10-09 13:21:55,911  WARN [Worker-4] - ScalaProject - Project Scalap runs on platform default installation.
2015-10-09 13:21:55,968  WARN [Worker-4] - ScalaProject - Project Scalap has platform default sourceLevel.
2015-10-09 13:21:55,969  WARN [Worker-4] - ScalaProject - Project Scalap runs on platform default installation.
2015-10-09 13:21:56,098  WARN [Worker-4] - ScalaProject - Project Scalap has platform default sourceLevel.
2015-10-09 13:21:56,099  WARN [Worker-4] - ScalaProject - Project Scalap runs on platform default installation.
2015-10-09 13:22:00,814  WARN [Worker-4] - ScalaProject - Project Scalap has platform default sourceLevel.
2015-10-09 13:22:00,814  WARN [Worker-4] - ScalaProject - Project Scalap runs on platform default installation.
2015-10-09 13:23:44,177 ERROR [Worker-1] - System.err - SLF4J: Failed to load class "org.slf4j.impl.StaticLoggerBinder".
2015-10-09 13:23:44,178 ERROR [Worker-1] - System.err - SLF4J: Defaulting to no-operation (NOP) logger implementation
2015-10-09 13:23:44,178 ERROR [Worker-1] - System.err - SLF4J: See http://www.slf4j.org/codes.html#StaticLoggerBinder for further details.
2015-10-09 13:25:12,673  WARN [Worker-0] - ScalaProject - Project Scalap has platform default sourceLevel.
2015-10-09 13:25:12,673  WARN [Worker-0] - ScalaProject - Project Scalap runs on platform default installation.
2015-10-09 13:25:12,723  WARN [Worker-0] - ScalaProject - Project Scalap has platform default sourceLevel.
2015-10-09 13:25:12,723  WARN [Worker-0] - ScalaProject - Project Scalap runs on platform default installation.
2015-10-09 13:25:12,754  WARN [Worker-0] - ScalaProject - Project Scalap has platform default sourceLevel.
2015-10-09 13:25:12,754  WARN [Worker-0] - ScalaProject - Project Scalap runs on platform default installation.
